<?xml version="1.0" encoding="UTF-8"?>
<testsuite xmlns:xsi="http://www.w3.org/2001/XMLSchema-instance" xsi:noNamespaceSchemaLocation="https://maven.apache.org/surefire/maven-surefire-plugin/xsd/surefire-test-report.xsd" name="TestSuite" time="69.85" tests="4" errors="0" skipped="0" failures="1">
  <properties>
    <property name="java.specification.version" value="15"/>
    <property name="sun.jnu.encoding" value="UTF-8"/>
    <property name="java.class.path" value="/Users/rajanchaudhary/Downloads/AppiumCucumberTestNG/target/test-classes:/Users/rajanchaudhary/Downloads/AppiumCucumberTestNG/target/classes:/Users/rajanchaudhary/.m2/repository/io/cucumber/cucumber-java/6.10.4/cucumber-java-6.10.4.jar:/Users/rajanchaudhary/.m2/repository/io/cucumber/cucumber-core/6.10.4/cucumber-core-6.10.4.jar:/Users/rajanchaudhary/.m2/repository/io/cucumber/cucumber-gherkin/6.10.4/cucumber-gherkin-6.10.4.jar:/Users/rajanchaudhary/.m2/repository/io/cucumber/cucumber-gherkin-messages/6.10.4/cucumber-gherkin-messages-6.10.4.jar:/Users/rajanchaudhary/.m2/repository/io/cucumber/messages/15.0.0/messages-15.0.0.jar:/Users/rajanchaudhary/.m2/repository/io/cucumber/tag-expressions/3.0.1/tag-expressions-3.0.1.jar:/Users/rajanchaudhary/.m2/repository/io/cucumber/cucumber-expressions/10.3.0/cucumber-expressions-10.3.0.jar:/Users/rajanchaudhary/.m2/repository/io/cucumber/datatable/3.5.0/datatable-3.5.0.jar:/Users/rajanchaudhary/.m2/repository/io/cucumber/cucumber-plugin/6.10.4/cucumber-plugin-6.10.4.jar:/Users/rajanchaudhary/.m2/repository/io/cucumber/docstring/6.10.4/docstring-6.10.4.jar:/Users/rajanchaudhary/.m2/repository/io/cucumber/html-formatter/13.0.0/html-formatter-13.0.0.jar:/Users/rajanchaudhary/.m2/repository/io/cucumber/create-meta/4.0.0/create-meta-4.0.0.jar:/Users/rajanchaudhary/.m2/repository/org/apiguardian/apiguardian-api/1.1.1/apiguardian-api-1.1.1.jar:/Users/rajanchaudhary/.m2/repository/io/cucumber/cucumber-junit/6.10.4/cucumber-junit-6.10.4.jar:/Users/rajanchaudhary/.m2/repository/junit/junit/4.13.2/junit-4.13.2.jar:/Users/rajanchaudhary/.m2/repository/org/hamcrest/hamcrest-core/1.3/hamcrest-core-1.3.jar:/Users/rajanchaudhary/.m2/repository/io/appium/java-client/7.5.1/java-client-7.5.1.jar:/Users/rajanchaudhary/.m2/repository/org/seleniumhq/selenium/selenium-java/3.141.59/selenium-java-3.141.59.jar:/Users/rajanchaudhary/.m2/repository/org/seleniumhq/selenium/selenium-chrome-driver/3.141.59/selenium-chrome-driver-3.141.59.jar:/Users/rajanchaudhary/.m2/repository/org/seleniumhq/selenium/selenium-edge-driver/3.141.59/selenium-edge-driver-3.141.59.jar:/Users/rajanchaudhary/.m2/repository/org/seleniumhq/selenium/selenium-firefox-driver/3.141.59/selenium-firefox-driver-3.141.59.jar:/Users/rajanchaudhary/.m2/repository/org/seleniumhq/selenium/selenium-ie-driver/3.141.59/selenium-ie-driver-3.141.59.jar:/Users/rajanchaudhary/.m2/repository/org/seleniumhq/selenium/selenium-opera-driver/3.141.59/selenium-opera-driver-3.141.59.jar:/Users/rajanchaudhary/.m2/repository/org/seleniumhq/selenium/selenium-remote-driver/3.141.59/selenium-remote-driver-3.141.59.jar:/Users/rajanchaudhary/.m2/repository/org/seleniumhq/selenium/selenium-safari-driver/3.141.59/selenium-safari-driver-3.141.59.jar:/Users/rajanchaudhary/.m2/repository/net/bytebuddy/byte-buddy/1.8.15/byte-buddy-1.8.15.jar:/Users/rajanchaudhary/.m2/repository/org/apache/commons/commons-exec/1.3/commons-exec-1.3.jar:/Users/rajanchaudhary/.m2/repository/com/google/guava/guava/25.0-jre/guava-25.0-jre.jar:/Users/rajanchaudhary/.m2/repository/com/google/code/findbugs/jsr305/1.3.9/jsr305-1.3.9.jar:/Users/rajanchaudhary/.m2/repository/org/checkerframework/checker-compat-qual/2.0.0/checker-compat-qual-2.0.0.jar:/Users/rajanchaudhary/.m2/repository/com/google/errorprone/error_prone_annotations/2.1.3/error_prone_annotations-2.1.3.jar:/Users/rajanchaudhary/.m2/repository/com/google/j2objc/j2objc-annotations/1.1/j2objc-annotations-1.1.jar:/Users/rajanchaudhary/.m2/repository/org/codehaus/mojo/animal-sniffer-annotations/1.14/animal-sniffer-annotations-1.14.jar:/Users/rajanchaudhary/.m2/repository/com/squareup/okhttp3/okhttp/3.11.0/okhttp-3.11.0.jar:/Users/rajanchaudhary/.m2/repository/com/squareup/okio/okio/1.14.0/okio-1.14.0.jar:/Users/rajanchaudhary/.m2/repository/org/seleniumhq/selenium/selenium-support/3.141.59/selenium-support-3.141.59.jar:/Users/rajanchaudhary/.m2/repository/org/seleniumhq/selenium/selenium-api/3.141.59/selenium-api-3.141.59.jar:/Users/rajanchaudhary/.m2/repository/com/google/code/gson/gson/2.8.6/gson-2.8.6.jar:/Users/rajanchaudhary/.m2/repository/org/apache/httpcomponents/httpclient/4.5.13/httpclient-4.5.13.jar:/Users/rajanchaudhary/.m2/repository/org/apache/httpcomponents/httpcore/4.4.13/httpcore-4.4.13.jar:/Users/rajanchaudhary/.m2/repository/commons-logging/commons-logging/1.2/commons-logging-1.2.jar:/Users/rajanchaudhary/.m2/repository/cglib/cglib/3.3.0/cglib-3.3.0.jar:/Users/rajanchaudhary/.m2/repository/org/ow2/asm/asm/7.1/asm-7.1.jar:/Users/rajanchaudhary/.m2/repository/commons-validator/commons-validator/1.7/commons-validator-1.7.jar:/Users/rajanchaudhary/.m2/repository/commons-beanutils/commons-beanutils/1.9.4/commons-beanutils-1.9.4.jar:/Users/rajanchaudhary/.m2/repository/commons-digester/commons-digester/2.1/commons-digester-2.1.jar:/Users/rajanchaudhary/.m2/repository/commons-collections/commons-collections/3.2.2/commons-collections-3.2.2.jar:/Users/rajanchaudhary/.m2/repository/org/apache/commons/commons-lang3/3.12.0/commons-lang3-3.12.0.jar:/Users/rajanchaudhary/.m2/repository/commons-io/commons-io/2.8.0/commons-io-2.8.0.jar:/Users/rajanchaudhary/.m2/repository/org/springframework/spring-context/5.3.4/spring-context-5.3.4.jar:/Users/rajanchaudhary/.m2/repository/org/springframework/spring-aop/5.3.4/spring-aop-5.3.4.jar:/Users/rajanchaudhary/.m2/repository/org/springframework/spring-beans/5.3.4/spring-beans-5.3.4.jar:/Users/rajanchaudhary/.m2/repository/org/springframework/spring-core/5.3.4/spring-core-5.3.4.jar:/Users/rajanchaudhary/.m2/repository/org/springframework/spring-jcl/5.3.4/spring-jcl-5.3.4.jar:/Users/rajanchaudhary/.m2/repository/org/springframework/spring-expression/5.3.4/spring-expression-5.3.4.jar:/Users/rajanchaudhary/.m2/repository/org/aspectj/aspectjweaver/1.9.6/aspectjweaver-1.9.6.jar:/Users/rajanchaudhary/.m2/repository/org/slf4j/slf4j-api/1.7.30/slf4j-api-1.7.30.jar:/Users/rajanchaudhary/.m2/repository/org/json/json/20210307/json-20210307.jar:/Users/rajanchaudhary/.m2/repository/org/apache/logging/log4j/log4j-core/2.14.1/log4j-core-2.14.1.jar:/Users/rajanchaudhary/.m2/repository/org/apache/logging/log4j/log4j-api/2.14.1/log4j-api-2.14.1.jar:/Users/rajanchaudhary/.m2/repository/commons-codec/commons-codec/1.15/commons-codec-1.15.jar:/Users/rajanchaudhary/.m2/repository/ch/qos/logback/logback-classic/1.2.3/logback-classic-1.2.3.jar:/Users/rajanchaudhary/.m2/repository/ch/qos/logback/logback-core/1.2.3/logback-core-1.2.3.jar:/Users/rajanchaudhary/.m2/repository/io/cucumber/cucumber-testng/6.10.4/cucumber-testng-6.10.4.jar:/Users/rajanchaudhary/.m2/repository/org/testng/testng/7.4.0/testng-7.4.0.jar:/Users/rajanchaudhary/.m2/repository/com/beust/jcommander/1.78/jcommander-1.78.jar:/Users/rajanchaudhary/.m2/repository/org/webjars/jquery/3.5.1/jquery-3.5.1.jar:"/>
    <property name="java.vm.vendor" value="Oracle Corporation"/>
    <property name="sun.arch.data.model" value="64"/>
    <property name="java.vendor.url" value="https://java.oracle.com/"/>
    <property name="os.name" value="Mac OS X"/>
    <property name="java.vm.specification.version" value="15"/>
    <property name="sun.java.launcher" value="SUN_STANDARD"/>
    <property name="user.country" value="IN"/>
    <property name="sun.boot.library.path" value="/Library/Java/JavaVirtualMachines/jdk-15.0.2.jdk/Contents/Home/lib"/>
    <property name="sun.java.command" value="/Users/rajanchaudhary/Downloads/AppiumCucumberTestNG/target/surefire/surefirebooter10093020569963350356.jar /Users/rajanchaudhary/Downloads/AppiumCucumberTestNG/target/surefire 2021-07-05T01-59-48_320-jvmRun1 surefire7052150466673077152tmp surefire_010762562707952258933tmp"/>
    <property name="http.nonProxyHosts" value="local|*.local|169.254/16|*.169.254/16"/>
    <property name="jdk.debug" value="release"/>
    <property name="surefire.test.class.path" value="/Users/rajanchaudhary/Downloads/AppiumCucumberTestNG/target/test-classes:/Users/rajanchaudhary/Downloads/AppiumCucumberTestNG/target/classes:/Users/rajanchaudhary/.m2/repository/io/cucumber/cucumber-java/6.10.4/cucumber-java-6.10.4.jar:/Users/rajanchaudhary/.m2/repository/io/cucumber/cucumber-core/6.10.4/cucumber-core-6.10.4.jar:/Users/rajanchaudhary/.m2/repository/io/cucumber/cucumber-gherkin/6.10.4/cucumber-gherkin-6.10.4.jar:/Users/rajanchaudhary/.m2/repository/io/cucumber/cucumber-gherkin-messages/6.10.4/cucumber-gherkin-messages-6.10.4.jar:/Users/rajanchaudhary/.m2/repository/io/cucumber/messages/15.0.0/messages-15.0.0.jar:/Users/rajanchaudhary/.m2/repository/io/cucumber/tag-expressions/3.0.1/tag-expressions-3.0.1.jar:/Users/rajanchaudhary/.m2/repository/io/cucumber/cucumber-expressions/10.3.0/cucumber-expressions-10.3.0.jar:/Users/rajanchaudhary/.m2/repository/io/cucumber/datatable/3.5.0/datatable-3.5.0.jar:/Users/rajanchaudhary/.m2/repository/io/cucumber/cucumber-plugin/6.10.4/cucumber-plugin-6.10.4.jar:/Users/rajanchaudhary/.m2/repository/io/cucumber/docstring/6.10.4/docstring-6.10.4.jar:/Users/rajanchaudhary/.m2/repository/io/cucumber/html-formatter/13.0.0/html-formatter-13.0.0.jar:/Users/rajanchaudhary/.m2/repository/io/cucumber/create-meta/4.0.0/create-meta-4.0.0.jar:/Users/rajanchaudhary/.m2/repository/org/apiguardian/apiguardian-api/1.1.1/apiguardian-api-1.1.1.jar:/Users/rajanchaudhary/.m2/repository/io/cucumber/cucumber-junit/6.10.4/cucumber-junit-6.10.4.jar:/Users/rajanchaudhary/.m2/repository/junit/junit/4.13.2/junit-4.13.2.jar:/Users/rajanchaudhary/.m2/repository/org/hamcrest/hamcrest-core/1.3/hamcrest-core-1.3.jar:/Users/rajanchaudhary/.m2/repository/io/appium/java-client/7.5.1/java-client-7.5.1.jar:/Users/rajanchaudhary/.m2/repository/org/seleniumhq/selenium/selenium-java/3.141.59/selenium-java-3.141.59.jar:/Users/rajanchaudhary/.m2/repository/org/seleniumhq/selenium/selenium-chrome-driver/3.141.59/selenium-chrome-driver-3.141.59.jar:/Users/rajanchaudhary/.m2/repository/org/seleniumhq/selenium/selenium-edge-driver/3.141.59/selenium-edge-driver-3.141.59.jar:/Users/rajanchaudhary/.m2/repository/org/seleniumhq/selenium/selenium-firefox-driver/3.141.59/selenium-firefox-driver-3.141.59.jar:/Users/rajanchaudhary/.m2/repository/org/seleniumhq/selenium/selenium-ie-driver/3.141.59/selenium-ie-driver-3.141.59.jar:/Users/rajanchaudhary/.m2/repository/org/seleniumhq/selenium/selenium-opera-driver/3.141.59/selenium-opera-driver-3.141.59.jar:/Users/rajanchaudhary/.m2/repository/org/seleniumhq/selenium/selenium-remote-driver/3.141.59/selenium-remote-driver-3.141.59.jar:/Users/rajanchaudhary/.m2/repository/org/seleniumhq/selenium/selenium-safari-driver/3.141.59/selenium-safari-driver-3.141.59.jar:/Users/rajanchaudhary/.m2/repository/net/bytebuddy/byte-buddy/1.8.15/byte-buddy-1.8.15.jar:/Users/rajanchaudhary/.m2/repository/org/apache/commons/commons-exec/1.3/commons-exec-1.3.jar:/Users/rajanchaudhary/.m2/repository/com/google/guava/guava/25.0-jre/guava-25.0-jre.jar:/Users/rajanchaudhary/.m2/repository/com/google/code/findbugs/jsr305/1.3.9/jsr305-1.3.9.jar:/Users/rajanchaudhary/.m2/repository/org/checkerframework/checker-compat-qual/2.0.0/checker-compat-qual-2.0.0.jar:/Users/rajanchaudhary/.m2/repository/com/google/errorprone/error_prone_annotations/2.1.3/error_prone_annotations-2.1.3.jar:/Users/rajanchaudhary/.m2/repository/com/google/j2objc/j2objc-annotations/1.1/j2objc-annotations-1.1.jar:/Users/rajanchaudhary/.m2/repository/org/codehaus/mojo/animal-sniffer-annotations/1.14/animal-sniffer-annotations-1.14.jar:/Users/rajanchaudhary/.m2/repository/com/squareup/okhttp3/okhttp/3.11.0/okhttp-3.11.0.jar:/Users/rajanchaudhary/.m2/repository/com/squareup/okio/okio/1.14.0/okio-1.14.0.jar:/Users/rajanchaudhary/.m2/repository/org/seleniumhq/selenium/selenium-support/3.141.59/selenium-support-3.141.59.jar:/Users/rajanchaudhary/.m2/repository/org/seleniumhq/selenium/selenium-api/3.141.59/selenium-api-3.141.59.jar:/Users/rajanchaudhary/.m2/repository/com/google/code/gson/gson/2.8.6/gson-2.8.6.jar:/Users/rajanchaudhary/.m2/repository/org/apache/httpcomponents/httpclient/4.5.13/httpclient-4.5.13.jar:/Users/rajanchaudhary/.m2/repository/org/apache/httpcomponents/httpcore/4.4.13/httpcore-4.4.13.jar:/Users/rajanchaudhary/.m2/repository/commons-logging/commons-logging/1.2/commons-logging-1.2.jar:/Users/rajanchaudhary/.m2/repository/cglib/cglib/3.3.0/cglib-3.3.0.jar:/Users/rajanchaudhary/.m2/repository/org/ow2/asm/asm/7.1/asm-7.1.jar:/Users/rajanchaudhary/.m2/repository/commons-validator/commons-validator/1.7/commons-validator-1.7.jar:/Users/rajanchaudhary/.m2/repository/commons-beanutils/commons-beanutils/1.9.4/commons-beanutils-1.9.4.jar:/Users/rajanchaudhary/.m2/repository/commons-digester/commons-digester/2.1/commons-digester-2.1.jar:/Users/rajanchaudhary/.m2/repository/commons-collections/commons-collections/3.2.2/commons-collections-3.2.2.jar:/Users/rajanchaudhary/.m2/repository/org/apache/commons/commons-lang3/3.12.0/commons-lang3-3.12.0.jar:/Users/rajanchaudhary/.m2/repository/commons-io/commons-io/2.8.0/commons-io-2.8.0.jar:/Users/rajanchaudhary/.m2/repository/org/springframework/spring-context/5.3.4/spring-context-5.3.4.jar:/Users/rajanchaudhary/.m2/repository/org/springframework/spring-aop/5.3.4/spring-aop-5.3.4.jar:/Users/rajanchaudhary/.m2/repository/org/springframework/spring-beans/5.3.4/spring-beans-5.3.4.jar:/Users/rajanchaudhary/.m2/repository/org/springframework/spring-core/5.3.4/spring-core-5.3.4.jar:/Users/rajanchaudhary/.m2/repository/org/springframework/spring-jcl/5.3.4/spring-jcl-5.3.4.jar:/Users/rajanchaudhary/.m2/repository/org/springframework/spring-expression/5.3.4/spring-expression-5.3.4.jar:/Users/rajanchaudhary/.m2/repository/org/aspectj/aspectjweaver/1.9.6/aspectjweaver-1.9.6.jar:/Users/rajanchaudhary/.m2/repository/org/slf4j/slf4j-api/1.7.30/slf4j-api-1.7.30.jar:/Users/rajanchaudhary/.m2/repository/org/json/json/20210307/json-20210307.jar:/Users/rajanchaudhary/.m2/repository/org/apache/logging/log4j/log4j-core/2.14.1/log4j-core-2.14.1.jar:/Users/rajanchaudhary/.m2/repository/org/apache/logging/log4j/log4j-api/2.14.1/log4j-api-2.14.1.jar:/Users/rajanchaudhary/.m2/repository/commons-codec/commons-codec/1.15/commons-codec-1.15.jar:/Users/rajanchaudhary/.m2/repository/ch/qos/logback/logback-classic/1.2.3/logback-classic-1.2.3.jar:/Users/rajanchaudhary/.m2/repository/ch/qos/logback/logback-core/1.2.3/logback-core-1.2.3.jar:/Users/rajanchaudhary/.m2/repository/io/cucumber/cucumber-testng/6.10.4/cucumber-testng-6.10.4.jar:/Users/rajanchaudhary/.m2/repository/org/testng/testng/7.4.0/testng-7.4.0.jar:/Users/rajanchaudhary/.m2/repository/com/beust/jcommander/1.78/jcommander-1.78.jar:/Users/rajanchaudhary/.m2/repository/org/webjars/jquery/3.5.1/jquery-3.5.1.jar:"/>
    <property name="sun.cpu.endian" value="little"/>
    <property name="user.home" value="/Users/rajanchaudhary"/>
    <property name="user.language" value="en"/>
    <property name="java.specification.vendor" value="Oracle Corporation"/>
    <property name="java.version.date" value="2021-01-19"/>
    <property name="java.home" value="/Library/Java/JavaVirtualMachines/jdk-15.0.2.jdk/Contents/Home"/>
    <property name="file.separator" value="/"/>
    <property name="basedir" value="/Users/rajanchaudhary/Downloads/AppiumCucumberTestNG"/>
    <property name="java.vm.compressedOopsMode" value="Zero based"/>
    <property name="line.separator" value="&#10;"/>
    <property name="java.specification.name" value="Java Platform API Specification"/>
    <property name="java.vm.specification.vendor" value="Oracle Corporation"/>
    <property name="surefire.real.class.path" value="/Users/rajanchaudhary/Downloads/AppiumCucumberTestNG/target/surefire/surefirebooter10093020569963350356.jar"/>
    <property name="sun.management.compiler" value="HotSpot 64-Bit Tiered Compilers"/>
    <property name="ftp.nonProxyHosts" value="local|*.local|169.254/16|*.169.254/16"/>
    <property name="java.runtime.version" value="15.0.2+7-27"/>
    <property name="user.name" value="rajanchaudhary"/>
    <property name="path.separator" value=":"/>
    <property name="os.version" value="10.14.6"/>
    <property name="java.runtime.name" value="Java(TM) SE Runtime Environment"/>
    <property name="file.encoding" value="UTF-8"/>
    <property name="java.vm.name" value="Java HotSpot(TM) 64-Bit Server VM"/>
    <property name="localRepository" value="/Users/rajanchaudhary/.m2/repository"/>
    <property name="java.vendor.url.bug" value="https://bugreport.java.com/bugreport/"/>
    <property name="java.io.tmpdir" value="/var/folders/hb/0q6xky8x0dj4wg6ddy7q0wsc0000gn/T/"/>
    <property name="java.version" value="15.0.2"/>
    <property name="user.dir" value="/Users/rajanchaudhary/Downloads/AppiumCucumberTestNG"/>
    <property name="os.arch" value="x86_64"/>
    <property name="java.vm.specification.name" value="Java Virtual Machine Specification"/>
    <property name="java.library.path" value="/Users/rajanchaudhary/Library/Java/Extensions:/Library/Java/Extensions:/Network/Library/Java/Extensions:/System/Library/Java/Extensions:/usr/lib/java:."/>
    <property name="java.vm.info" value="mixed mode, sharing"/>
    <property name="java.vendor" value="Oracle Corporation"/>
    <property name="java.vm.version" value="15.0.2+7-27"/>
    <property name="sun.io.unicode.encoding" value="UnicodeBig"/>
    <property name="socksNonProxyHosts" value="local|*.local|169.254/16|*.169.254/16"/>
    <property name="java.class.version" value="59.0"/>
  </properties>
  <testcase name="scenario" classname="com.qa.runners.IOSRunnerTest" time="12.521"/>
  <testcase name="scenario" classname="com.qa.runners.IOSRunnerTest" time="21.163"/>
  <testcase name="scenario" classname="com.qa.runners.AndroidRunnerTest" time="5.724"/>
  <testcase name="scenario" classname="com.qa.runners.AndroidRunnerTest" time="22.802">
    <failure message="Expected condition failed: waiting for visibility of Located by By.chained({By.xpath: //android.widget.ScrollView[@content-desc=&quot;test-PRODUCTS&quot;]/preceding-sibling::android.view.ViewGroup/android.widget.TextView}) (tried for 10 second(s) with 500 milliseconds interval)" type="org.openqa.selenium.TimeoutException">org.openqa.selenium.TimeoutException: Expected condition failed: waiting for visibility of Located by By.chained({By.xpath: //android.widget.ScrollView[@content-desc="test-PRODUCTS"]/preceding-sibling::android.view.ViewGroup/android.widget.TextView}) (tried for 10 second(s) with 500 milliseconds interval)
Caused by: org.openqa.selenium.NoSuchElementException: Can't locate an element by this strategy: By.chained({By.xpath: //android.widget.ScrollView[@content-desc="test-PRODUCTS"]/preceding-sibling::android.view.ViewGroup/android.widget.TextView})
Caused by: org.openqa.selenium.TimeoutException: Expected condition failed: waiting for io.appium.java_client.pagefactory.AppiumElementLocator$WaitingFunction@26a2b7df (tried for 1 second(s) with 500 milliseconds interval)
Caused by: org.openqa.selenium.NoSuchElementException: 
Cannot locate an element using By.chained({By.xpath: //android.widget.ScrollView[@content-desc="test-PRODUCTS"]/preceding-sibling::android.view.ViewGroup/android.widget.TextView})
For documentation on this error, please visit: https://www.seleniumhq.org/exceptions/no_such_element.html
Build info: version: '3.141.59', revision: 'e82be7d358', time: '2018-11-14T08:17:03'
System info: host: 'Rajans-MacBook-Air.local', ip: '2402:e280:3e07:1c:c85:82c5:da10:ec96%en0', os.name: 'Mac OS X', os.arch: 'x86_64', os.version: '10.14.6', java.version: '15.0.2'
Driver info: driver.version: AndroidDriver
</failure>
    <system-out><![CDATA[&amp#27;[35m[HTTP]&amp#27;[39m &amp#27;[37m-->&amp#27;[39m &amp#27;[37mDELETE&amp#27;[39m &amp#27;[37m/wd/hub/session/50b8e90a-6874-46d8-b655-a71adef73d28&amp#27;[39m
&amp#27;[35m[HTTP]&amp#27;[39m &amp#27;[90m{}&amp#27;[39m
[debug] &amp#27;[35m[W3C (50b8e90a)]&amp#27;[39m Calling AppiumDriver.deleteSession() with args: ["50b8e90a-6874-46d8-b655-a71adef73d28"]
[debug] &amp#27;[35m[BaseDriver]&amp#27;[39m Event 'quitSessionRequested' logged at 1625430654917 (02:00:54 GMT+0530 (India Standard Time))
&amp#27;[35m[Appium]&amp#27;[39m Removing session 50b8e90a-6874-46d8-b655-a71adef73d28 from our master session list
[debug] &amp#27;[35m[WD Proxy]&amp#27;[39m Matched '/session/50b8e90a-6874-46d8-b655-a71adef73d28' to command name 'deleteSession'
[debug] &amp#27;[35m[WD Proxy]&amp#27;[39m Proxying [DELETE /session/50b8e90a-6874-46d8-b655-a71adef73d28] to [DELETE http://127.0.0.1:10001/session/AB531C3B-9E11-48DA-8352-C9F23F55C903] with no body

    Embedding Login with valid username and password [image/png 1187824 bytes]

&amp#27;[35m[HTTP]&amp#27;[39m &amp#27;[37m-->&amp#27;[39m &amp#27;[37mPOST&amp#27;[39m &amp#27;[37m/wd/hub/session/6ad5a576-6af4-414a-a904-a2dd45f686d4/appium/stop_recording_screen&amp#27;[39m
&amp#27;[35m[HTTP]&amp#27;[39m &amp#27;[90m{}&amp#27;[39m
[debug] &amp#27;[35m[W3C (6ad5a576)]&amp#27;[39m Calling AppiumDriver.stopRecordingScreen() with args: [null,"6ad5a576-6af4-414a-a904-a2dd45f686d4"]
[debug] &amp#27;[35m[ADB]&amp#27;[39m Getting IDs of all 'screenrecord' processes
[debug] &amp#27;[35m[ADB]&amp#27;[39m Running '/Users/rajanchaudhary/Library/Android/sdk/platform-tools/adb -P 5037 -s emulator-5554 shell pgrep -f \(\[\[:blank:\]\]\|\^\)screenrecord\(\[\[:blank:\]\]\|\$\)'
[debug] &amp#27;[35m[ADB]&amp#27;[39m Running '/Users/rajanchaudhary/Library/Android/sdk/platform-tools/adb -P 5037 -s emulator-5554 shell kill -2 8131'
[debug] &amp#27;[35m[ADB]&amp#27;[39m Getting IDs of all 'screenrecord' processes
[debug] &amp#27;[35m[ADB]&amp#27;[39m Running '/Users/rajanchaudhary/Library/Android/sdk/platform-tools/adb -P 5037 -s emulator-5554 shell pgrep -f \(\[\[:blank:\]\]\|\^\)screenrecord\(\[\[:blank:\]\]\|\$\)'
[debug] &amp#27;[35m[WD Proxy]&amp#27;[39m Got response with status 200: {"value":null,"sessionId":null}
&amp#27;[35m[DevCon Factory]&amp#27;[39m Releasing connections for 5098DCF8-A156-4819-8A1D-5FA540B95A3C device on any port number
&amp#27;[35m[DevCon Factory]&amp#27;[39m Found cached connections to release: ["5098DCF8-A156-4819-8A1D-5FA540B95A3C:10001"]
[debug] &amp#27;[35m[DevCon Factory]&amp#27;[39m Cached connections count: 0
[debug] &amp#27;[35m[XCUITest]&amp#27;[39m Not clearing log files. Use `clearSystemFiles` capability to turn on.
[debug] &amp#27;[35m[IOSSimulatorLog]&amp#27;[39m Stopping iOS log capture
[debug] &amp#27;[35m[BaseDriver]&amp#27;[39m Event 'quitSessionFinished' logged at 1625430655996 (02:00:55 GMT+0530 (India Standard Time))
[debug] &amp#27;[35m[W3C (50b8e90a)]&amp#27;[39m Received response: null
[debug] &amp#27;[35m[W3C (50b8e90a)]&amp#27;[39m But deleting session, so not returning
[debug] &amp#27;[35m[W3C (50b8e90a)]&amp#27;[39m Responding to client with driver.deleteSession() result: null
&amp#27;[35m[HTTP]&amp#27;[39m &amp#27;[37m<-- DELETE /wd/hub/session/50b8e90a-6874-46d8-b655-a71adef73d28 &amp#27;[39m&amp#27;[32m200&amp#27;[39m &amp#27;[90m1081 ms - 14&amp#27;[39m
&amp#27;[35m[HTTP]&amp#27;[39m &amp#27;[90m&amp#27;[39m
[debug] &amp#27;[35m[ADB]&amp#27;[39m Getting IDs of all 'screenrecord' processes
[debug] &amp#27;[35m[ADB]&amp#27;[39m Running '/Users/rajanchaudhary/Library/Android/sdk/platform-tools/adb -P 5037 -s emulator-5554 shell pgrep -f \(\[\[:blank:\]\]\|\^\)screenrecord\(\[\[:blank:\]\]\|\$\)'

2 Scenarios (2 passed)
8 Steps (8 passed)
0m49.370s


[debug] &amp#27;[35m[ADB]&amp#27;[39m Running '/Users/rajanchaudhary/Library/Android/sdk/platform-tools/adb -P 5037 -s emulator-5554 pull /sdcard/100523f7.mp4 /var/folders/hb/0q6xky8x0dj4wg6ddy7q0wsc0000gn/T/202165-8038-u9zweb.03fx/100523f7.mp4'
[debug] &amp#27;[35m[ADB]&amp#27;[39m Running '/Users/rajanchaudhary/Library/Android/sdk/platform-tools/adb -P 5037 -s emulator-5554 shell rm -rf /sdcard/100523f7.mp4'
[debug] &amp#27;[35m[AndroidDriver]&amp#27;[39m The size of the resulting screen recording is 884.59 KB
[debug] &amp#27;[35m[W3C (6ad5a576)]&amp#27;[39m Responding to client with driver.stopRecordingScreen() result: "AAAAGGZ0eXBtcDQyAAAAAGlzb21tcDQyAAAGW21vb3YAAABsbXZoZAAAAADdB8r/3QfK/wAAJxAAAg7/AAEAAAEAAAAAAAAAAAAAAAABAAAAAAAAAAAAAAAAAAAAAQAAAAAAAAAAAAAAAAAAQAAAAAAAAAAAAAAAAAAAAAAAAAAAAAAAAAAAAAAAAAMAAAB2bWV0YQAAACFoZGxyAAAAAAAAAABtZHRhAAAAAAAAAAAAAAAAAAAAACtrZXlzAAAAAAAAAAEAAAAbbWR0YWNvbS5hbmRyb2lkLnZlcnNpb24AAAAiaWxzdAAAABoAAAABAAAAEmRhdGEAAAABAAAAADExAAADy3RyYWsAAABcdGtoZAAAAAfdB8r/3QfK/wAAAAEAAAAAAAIO/wAAAAAAAAAAAAAAAAAAAAAAAQAAAAAAAAAAAAAAAAAAAAEAAAAAAAAAAAAAAAAAAEAAAAAEOAAACKwAAAAAA2dtZGlhAAAAIG1kaGQAAAAA3QfK/90Hyv8AAV+QABKG+AAAAAAAAAAsaGRscgAAAAAAAAAAdmlkZQAAAAAAAAAAAAAAAFZpZGVvSGFuZGxlAAAAAxNtaW5mAAAAFHZtaGQAAAABAAAAAAAAAAAAAAAkZGluZgAAABxkcmVmAAAAAAAAAAEAAAAMdXJsIAAAAAEAAALTc3RibAAAALdzdHNkAAAAAAAAAAEAAACnYXZjMQAAAAAAAAABAAAAAAAAAAAAAAAAAAAAAAQ4CKwASAAAAEgAAAAAAAAAAQAgICAgICAgICAgICAgICAgICAgICAgICAgICAgICAgABj//wAAAC5hdmNDAULAMv/hABVnQsAyjWgEQBF+W5CAAAADA8IhGoABAAZozgGoNcgAAAAQcGFzcAABAAAAAQAAAAAAE2NvbHJuY2x4AAEAAQABAAAAAMBzdHRzAAAAAAAAABYAAAABAAHk4AAAAAEAAFRrAAAAAQAA8cQAAAABAADkPgAAAAEAAHi4AAAAAQAA9u0AAAAB...
&amp#27;[35m[HTTP]&amp#27;[39m &amp#27;[37m<-- POST /wd/hub/session/6ad5a576-6af4-414a-a904-a2dd45f686d4/appium/stop_recording_screen &amp#27;[39m&amp#27;[32m200&amp#27;[39m &amp#27;[90m1190 ms - 1207772&amp#27;[39m
&amp#27;[35m[HTTP]&amp#27;[39m &amp#27;[90m&amp#27;[39m
[INFO ] 2021-07-05 02:00:56.525 com.qa.utils.VideoManager:38 - video path: Android_Pixel_3a/Videos/Login with valid username and password.mp4
]]></system-out>
    <system-err><![CDATA[┌───────────────────────────────────────────────────────────────────────────────────┐
│ Share your Cucumber Report with your team at https://reports.cucumber.io          │
│ Activate publishing with one of the following:                                    │
│                                                                                   │
│ src/test/resources/cucumber.properties:          cucumber.publish.enabled=true    │
│ src/test/resources/junit-platform.properties:    cucumber.publish.enabled=true    │
│ Environment variable:                            CUCUMBER_PUBLISH_ENABLED=true    │
│ JUnit:                                           @CucumberOptions(publish = true) │
│                                                                                   │
│ More information at https://reports.cucumber.io/docs/cucumber-jvm                 │
│                                                                                   │
│ Disable this message with one of the following:                                   │
│                                                                                   │
│ src/test/resources/cucumber.properties:          cucumber.publish.quiet=true      │
│ src/test/resources/junit-platform.properties:    cucumber.publish.quiet=true      │
└───────────────────────────────────────────────────────────────────────────────────┘
]]></system-err>
  </testcase>
</testsuite>