<?xml version="1.0" encoding="UTF-8"?>
<!-- Generated by org.testng.reporters.JUnitReportReporter -->
<testsuite hostname="Rajans-MacBook-Air.local" failures="0" tests="2" name="com.qa.runners.IOSRunnerTest" time="47.983" errors="0" timestamp="2021-07-05T02:00:58 IST" skipped="0">
  <testcase classname="com.qa.runners.IOSRunnerTest" name="scenario" time="21.095"/>
  <system-out/>
  <testcase classname="com.qa.runners.IOSRunnerTest" name="scenario" time="26.888"/>
  <system-out/>
</testsuite> <!-- com.qa.runners.IOSRunnerTest -->
